goos: linux
goarch: amd64
BenchmarkFilter/1_workers-8         	       1	 409111000 ns/op
BenchmarkFilter/1_workers-8         	       1	 399034300 ns/op
BenchmarkFilter/1_workers-8         	       1	 389203600 ns/op
BenchmarkFilter/1_workers-8         	       1	 397159600 ns/op
BenchmarkFilter/1_workers-8         	       1	 397665600 ns/op
BenchmarkFilter/2_workers-8         	       1	 388804200 ns/op
BenchmarkFilter/2_workers-8         	       1	 393832000 ns/op
BenchmarkFilter/2_workers-8         	       1	 390345200 ns/op
BenchmarkFilter/2_workers-8         	       1	 400680600 ns/op
BenchmarkFilter/2_workers-8         	       1	 397185500 ns/op
BenchmarkFilter/4_workers-8         	       1	 388676800 ns/op
BenchmarkFilter/4_workers-8         	       1	 382566600 ns/op
BenchmarkFilter/4_workers-8         	       1	 379501000 ns/op
BenchmarkFilter/4_workers-8         	       1	 385955400 ns/op
BenchmarkFilter/4_workers-8         	       1	 382308200 ns/op
BenchmarkFilter/8_workers-8         	       1	 370634300 ns/op
BenchmarkFilter/8_workers-8         	       1	 378047300 ns/op
BenchmarkFilter/8_workers-8         	       1	 373741000 ns/op
BenchmarkFilter/8_workers-8         	       1	 372756100 ns/op
BenchmarkFilter/8_workers-8         	       1	 372820400 ns/op
BenchmarkFilter/16_workers-8        	       1	 352392500 ns/op
BenchmarkFilter/16_workers-8        	       1	 348509300 ns/op
BenchmarkFilter/16_workers-8        	       1	 348163600 ns/op
BenchmarkFilter/16_workers-8        	       1	 351885400 ns/op
BenchmarkFilter/16_workers-8        	       1	 349347800 ns/op
ok  	_/home/tom/concurrencylab1-1/filter	19.079s
